2024-04-01 19:22:53.195 [info] Log level: Info
2024-04-01 19:22:53.195 [info] Validating found git in: "git"
2024-04-01 19:22:53.195 [info] Using git "2.34.1" from "git"
2024-04-01 19:22:53.195 [info] > git rev-parse --show-toplevel [41ms]
2024-04-01 19:22:53.195 [info] fatal: not a git repository (or any of the parent directories): .git
2024-04-01 19:22:53.199 [info] > git rev-parse --show-toplevel [6ms]
2024-04-01 19:22:53.199 [info] fatal: not a git repository (or any of the parent directories): .git
2024-04-01 19:22:53.222 [info] > git rev-parse --show-toplevel [5ms]
2024-04-01 19:22:53.222 [info] fatal: not a git repository (or any of the parent directories): .git
2024-04-01 19:22:53.245 [info] > git rev-parse --show-toplevel [5ms]
2024-04-01 19:22:53.245 [info] fatal: not a git repository (or any of the parent directories): .git
2024-04-01 19:58:34.807 [info] > git rev-parse --show-toplevel [9ms]
2024-04-01 19:58:34.807 [info] fatal: not a git repository (or any of the parent directories): .git
2024-04-01 20:27:41.274 [info] > git rev-parse --show-toplevel [8ms]
2024-04-01 20:27:41.274 [info] fatal: not a git repository (or any of the parent directories): .git
2024-04-01 20:28:02.097 [info] > git rev-parse --show-toplevel [8ms]
2024-04-01 20:28:02.098 [info] fatal: not a git repository (or any of the parent directories): .git
2024-04-01 20:36:43.731 [info] > git init -b main [93ms]
2024-04-01 20:36:43.767 [info] > git rev-parse --show-toplevel [12ms]
2024-04-01 20:36:43.796 [info] > git rev-parse --git-dir --git-common-dir [6ms]
2024-04-01 20:36:43.806 [info] Open repository: /home/john2002
2024-04-01 20:36:43.882 [info] No remotes found in the git config file.
2024-04-01 20:36:43.883 [info] > git config --get commit.template [29ms]
2024-04-01 20:36:43.906 [info] > git for-each-ref --format=%(refname)%00%(upstream:short)%00%(objectname)%00%(upstream:track)%00%(upstream:remotename)%00%(upstream:remoteref) refs/heads/main refs/remotes/main [25ms]
2024-04-01 20:36:43.906 [warning] No such branch: main.
2024-04-01 20:36:44.108 [info] > git status -z -uall [178ms]
2024-04-01 20:36:44.196 [info] No remotes found in the git config file.
2024-04-01 20:36:44.202 [info] > git config --get commit.template [33ms]
2024-04-01 20:36:44.202 [info] > git for-each-ref --format=%(refname)%00%(upstream:short)%00%(objectname)%00%(upstream:track)%00%(upstream:remotename)%00%(upstream:remoteref) refs/heads/main refs/remotes/main [6ms]
2024-04-01 20:36:44.202 [warning] No such branch: main.
2024-04-01 20:36:44.425 [info] > git status -z -uall [199ms]
2024-04-01 20:36:45.227 [info] > git check-ignore -v -z --stdin [6ms]
2024-04-01 20:36:49.268 [info] > git check-ignore -v -z --stdin [10ms]
2024-04-01 20:36:52.561 [info] > git check-ignore -v -z --stdin [14ms]
