2024-02-12 22:19:42.426 [info] Log level: Info
2024-02-12 22:19:42.426 [info] Validating found git in: "git"
2024-02-12 22:19:42.426 [info] Using git "2.34.1" from "git"
2024-02-12 22:19:42.426 [info] > git rev-parse --show-toplevel [5ms]
2024-02-12 22:19:42.426 [info] fatal: not a git repository (or any of the parent directories): .git
2024-02-12 22:19:42.426 [info] > git rev-parse --show-toplevel [10ms]
2024-02-12 22:19:42.426 [info] fatal: not a git repository (or any of the parent directories): .git
2024-02-12 22:19:42.426 [info] > git rev-parse --show-toplevel [4ms]
2024-02-12 22:19:42.426 [info] fatal: not a git repository (or any of the parent directories): .git
2024-02-12 22:19:42.426 [info] > git rev-parse --show-toplevel [8ms]
2024-02-12 22:19:42.426 [info] fatal: not a git repository (or any of the parent directories): .git
2024-02-12 22:19:51.700 [info] > git rev-parse --show-toplevel [5ms]
2024-02-12 22:19:51.700 [info] fatal: not a git repository (or any of the parent directories): .git
2024-02-12 23:14:13.440 [info] > git rev-parse --show-toplevel [14ms]
2024-02-12 23:14:13.440 [info] fatal: not a git repository (or any of the parent directories): .git
2024-02-12 23:14:32.776 [info] > git rev-parse --show-toplevel [5ms]
2024-02-12 23:14:32.776 [info] fatal: not a git repository (or any of the parent directories): .git
2024-02-12 23:14:42.031 [info] > git rev-parse --show-toplevel [5ms]
2024-02-12 23:14:42.031 [info] fatal: not a git repository (or any of the parent directories): .git
2024-02-12 23:14:43.638 [info] > git rev-parse --show-toplevel [7ms]
2024-02-12 23:14:43.638 [info] fatal: not a git repository (or any of the parent directories): .git
2024-02-12 23:14:44.496 [info] > git rev-parse --show-toplevel [5ms]
2024-02-12 23:14:44.496 [info] fatal: not a git repository (or any of the parent directories): .git
2024-02-12 23:14:47.007 [info] > git rev-parse --show-toplevel [5ms]
2024-02-12 23:14:47.007 [info] fatal: not a git repository (or any of the parent directories): .git
2024-02-12 23:14:50.748 [info] > git rev-parse --show-toplevel [5ms]
2024-02-12 23:14:50.748 [info] fatal: not a git repository (or any of the parent directories): .git
2024-02-12 23:14:52.984 [info] > git rev-parse --show-toplevel [4ms]
2024-02-12 23:14:52.984 [info] fatal: not a git repository (or any of the parent directories): .git
2024-02-12 23:16:30.522 [info] > git rev-parse --show-toplevel [4ms]
2024-02-12 23:16:30.522 [info] fatal: not a git repository (or any of the parent directories): .git
2024-02-12 23:16:33.825 [info] > git rev-parse --show-toplevel [5ms]
2024-02-12 23:16:33.826 [info] fatal: not a git repository (or any of the parent directories): .git
2024-02-12 23:16:48.139 [info] > git rev-parse --show-toplevel [5ms]
2024-02-12 23:16:48.139 [info] fatal: not a git repository (or any of the parent directories): .git
2024-02-12 23:17:00.475 [info] > git rev-parse --show-toplevel [5ms]
2024-02-12 23:17:00.475 [info] fatal: not a git repository (or any of the parent directories): .git
2024-02-12 23:17:01.045 [info] > git rev-parse --show-toplevel [5ms]
2024-02-12 23:17:01.045 [info] fatal: not a git repository (or any of the parent directories): .git
2024-02-12 23:17:23.722 [info] > git rev-parse --show-toplevel [6ms]
2024-02-12 23:17:23.722 [info] fatal: not a git repository (or any of the parent directories): .git
2024-02-12 23:17:55.299 [info] > git rev-parse --show-toplevel [5ms]
2024-02-12 23:17:55.300 [info] fatal: not a git repository (or any of the parent directories): .git
